<?xml version="1.0" encoding="UTF-8"?>
<!-- Generated by org.testng.reporters.JUnitXMLReporter -->
<testsuite ignored="0" hostname="LAPTOP-E2PSIL5I" failures="0" tests="5" name="Default test" time="0.33" errors="0" timestamp="2023-01-20T10:14:33 IST">
  <testcase classname="testPackage.NewclassTest" name="addByLeadTest" time="0.022"/>
  <testcase classname="testPackage.NewclassTest" name="addedTest" time="0.003"/>
  <testcase classname="testPackage.NewclassTest" name="collaboratorTest" time="0.003"/>
  <testcase classname="testPackage.NewclassTest" name="newTest" time="0.001"/>
  <testcase classname="testPackage.NewclassTest" name="newcollabTest" time="0.007"/>
</testsuite> <!-- Default test -->
