<?xml version="1.0" encoding="UTF-8"?>
<testng-results ignored="0" total="1" passed="1" failed="0" skipped="0">
  <reporter-output>
  </reporter-output>
  <suite started-at="2023-01-18T11:06:58 IST" name="Default suite" finished-at="2023-01-18T11:06:58 IST" duration-ms="170">
    <groups>
    </groups>
    <test started-at="2023-01-18T11:06:58 IST" name="Default test" finished-at="2023-01-18T11:06:58 IST" duration-ms="170">
      <class name="testPackage.NewclassTest">
        <test-method signature="newTest()[pri:0, instance:testPackage.NewclassTest@4c15e7fd]" started-at="2023-01-18T11:06:58 IST" name="newTest" finished-at="2023-01-18T11:06:58 IST" duration-ms="21" status="PASS">
          <reporter-output>
          </reporter-output>
        </test-method> <!-- newTest -->
      </class> <!-- testPackage.NewclassTest -->
    </test> <!-- Default test -->
  </suite> <!-- Default suite -->
</testng-results>
