<?xml version="1.0" encoding="UTF-8"?>
<testng-results ignored="0" total="5" passed="5" failed="0" skipped="0">
  <reporter-output>
  </reporter-output>
  <suite started-at="2023-01-20T10:14:33 IST" name="Default suite" finished-at="2023-01-20T10:14:33 IST" duration-ms="330">
    <groups>
    </groups>
    <test started-at="2023-01-20T10:14:33 IST" name="Default test" finished-at="2023-01-20T10:14:33 IST" duration-ms="330">
      <class name="testPackage.NewclassTest">
        <test-method signature="addByLeadTest()[pri:0, instance:testPackage.NewclassTest@1d082e88]" started-at="2023-01-20T10:14:33 IST" name="addByLeadTest" finished-at="2023-01-20T10:14:33 IST" duration-ms="22" status="PASS">
          <reporter-output>
          </reporter-output>
        </test-method> <!-- addByLeadTest -->
        <test-method signature="addedTest()[pri:0, instance:testPackage.NewclassTest@1d082e88]" started-at="2023-01-20T10:14:33 IST" name="addedTest" finished-at="2023-01-20T10:14:33 IST" duration-ms="3" status="PASS">
          <reporter-output>
          </reporter-output>
        </test-method> <!-- addedTest -->
        <test-method signature="collaboratorTest()[pri:0, instance:testPackage.NewclassTest@1d082e88]" started-at="2023-01-20T10:14:33 IST" name="collaboratorTest" finished-at="2023-01-20T10:14:33 IST" duration-ms="3" status="PASS">
          <reporter-output>
          </reporter-output>
        </test-method> <!-- collaboratorTest -->
        <test-method signature="newTest()[pri:0, instance:testPackage.NewclassTest@1d082e88]" started-at="2023-01-20T10:14:33 IST" name="newTest" finished-at="2023-01-20T10:14:33 IST" duration-ms="1" status="PASS">
          <reporter-output>
          </reporter-output>
        </test-method> <!-- newTest -->
        <test-method signature="newcollabTest()[pri:0, instance:testPackage.NewclassTest@1d082e88]" started-at="2023-01-20T10:14:33 IST" name="newcollabTest" finished-at="2023-01-20T10:14:33 IST" duration-ms="7" status="PASS">
          <reporter-output>
          </reporter-output>
        </test-method> <!-- newcollabTest -->
      </class> <!-- testPackage.NewclassTest -->
    </test> <!-- Default test -->
  </suite> <!-- Default suite -->
</testng-results>
